----- Running test: ER_n65536_d20_original_semanticsTrue_bs4096_rw_primeTrue_copiesFalse -----

Class Graph ER_n65536_d20_original_semanticsTrue_bs4096_rw_primeTrue_copiesFalse

Allocs, Reads, Read/Rem, Writes
Pre build stats (0, 0, 0, 0)
Post build stats (61232321, 41211450, 41211450, 45365286)
High level operations: AddressQueue (43084184, 25875817, 25875817, 27282685)
High level operations: SmartAVLTree (2281102, 2150030, 2150030, 2281102)
High level operations: SmartPointerOriginal (14493551, 11877655, 11877655, 14493551)
High level operations: SmartQueue (1373484, 1307948, 1307948, 1307948)

Max write batches: 6601994

--------------------------------------------------------------
Benchmarking Graph ER_n65536_d20_original_semanticsTrue_bs4096_rw_primeTrue_copiesFalse
Running random walk for 50 trial(s)

Access stats: ogV accesses, out tree accesses, avg ogV degree, avg out tree degree, avg ogV depth
(5000, 2500, 22, 1, 44.9792)

Post algorithm random walk stats (61466291, 41413448, 41413448, 45540532)
High level operations: AddressQueue (43257856, 26017517, 26017517, 27397633)
High level operations: SmartAVLTree (2282676, 2151604, 2151604, 2282676)
High level operations: SmartPointerOriginal (14552275, 11936379, 11936379, 14552275)
High level operations: SmartQueue (1373484, 1307948, 1307948, 1307948)

Max write batches: 6

----- Finished test: ER_n65536_d20_original_semanticsTrue_bs4096_rw_primeTrue_copiesFalse -----

