----- Running test: ER_n32768_d100_multiwrite_semanticsTrue_bs64_pr_primeTrue_copiesFalse -----

Class Graph ER_n32768_d100_multiwrite_semanticsTrue_bs64_pr_primeTrue_copiesFalse

Allocs, Reads, Read/Rem, Writes
Pre build stats (0, 0, 0, 0)
Post build stats (26180710, 14782282, 14782282, 33865437)
High level operations: SmartAVLTree (1067322, 1001786, 1001786, 1067322)
High level operations: SmartPointerMultiWrite (20363640, 9129052, 9129052, 28146671)
High level operations: SmartQueue (4749748, 4651444, 4651444, 4651444)

Max write batches: 19083156

--------------------------------------------------------------
Benchmarking Graph ER_n32768_d100_multiwrite_semanticsTrue_bs64_pr_primeTrue_copiesFalse
Running pagerank for 50 trial(s)

Access stats: ogV accesses, out tree accesses, avg ogV degree, avg out tree degree, avg ogV depth
(4380, 6570, 102, 1, 11.059360730593607)

Post algorithm pagerank stats (26240225, 14841797, 14841797, 33969012)
High level operations: SmartAVLTree (1071827, 1006291, 1006291, 1071827)
High level operations: SmartPointerMultiWrite (20418650, 9184062, 9184062, 28245741)
High level operations: SmartQueue (4749748, 4651444, 4651444, 4651444)

Max write batches: 44063

----- Finished test: ER_n32768_d100_multiwrite_semanticsTrue_bs64_pr_primeTrue_copiesFalse -----

