----- Running test: ER_n512_d100_original_semanticsTrue_bs4096_cd_primeTrue_copiesFalse -----

Class Graph ER_n512_d100_original_semanticsTrue_bs4096_cd_primeTrue_copiesFalse

Allocs, Reads, Read/Rem, Writes
Pre build stats (0, 0, 0, 0)
Post build stats (1935846, 1176477, 1176477, 1414705)
High level operations: AddressQueue (1404901, 749680, 749680, 884272)
High level operations: SmartAVLTree (9804, 8780, 8780, 9804)
High level operations: SmartPointerOriginal (469323, 366711, 366711, 469323)
High level operations: SmartQueue (51818, 51306, 51306, 51306)

Max write batches: 257037

--------------------------------------------------------------
Benchmarking Graph ER_n512_d100_original_semanticsTrue_bs4096_cd_primeTrue_copiesFalse
Running contact discovery for 50 trial(s)

Access stats: ogV accesses, out tree accesses, avg ogV degree, avg out tree degree, avg ogV depth
(100, 10031, 101, 1, 401.24)

Post algorithm contact discovery stats (2017832, 1249898, 1249898, 1476529)
High level operations: AddressQueue (1455056, 791370, 791370, 914365)
High level operations: SmartAVLTree (11442, 10418, 10418, 11442)
High level operations: SmartPointerOriginal (489385, 386773, 386773, 489385)
High level operations: SmartQueue (61949, 61337, 61337, 61337)

Max write batches: 131

----- Finished test: ER_n512_d100_original_semanticsTrue_bs4096_cd_primeTrue_copiesFalse -----

