----- Running test: ER_n65536_d100_recursive_semanticsTrue_bs4096_cd_primeTrue_copiesFalse -----

Class Graph ER_n65536_d100_recursive_semanticsTrue_bs4096_cd_primeTrue_copiesFalse

Allocs, Reads, Read/Rem, Writes
Pre build stats (0, 0, 0, 0)
Post build stats (6745321, 9747516, 9747516, 15509886)
High level operations: RecursivePointer (3323471, 1048486, 1048486, 6679784)
High level operations: SmartAVLTree (130977, 2150318, 2150318, 2281390)
High level operations: SmartQueue (3290873, 6548712, 6548712, 6548712)

Max write batches: 6745320

--------------------------------------------------------------
Benchmarking Graph ER_n65536_d100_recursive_semanticsTrue_bs4096_cd_primeTrue_copiesFalse
Running contact discovery for 50 trial(s)

Access stats: ogV accesses, out tree accesses, avg ogV degree, avg out tree degree, avg ogV depth
(100, 10002, 101, 1, 0.0)

Post algorithm contact discovery stats (6745456, 9770696, 9770696, 15522964)
High level operations: RecursivePointer (3323471, 1058588, 1058588, 6679784)
High level operations: SmartAVLTree (130977, 2153394, 2153394, 2284466)
High level operations: SmartQueue (3291008, 6558714, 6558714, 6558714)

Max write batches: 135

----- Finished test: ER_n65536_d100_recursive_semanticsTrue_bs4096_cd_primeTrue_copiesFalse -----

