----- Running test: ER_n32768_d20_original_semanticsFalse_bs4096_pr_primeTrue_copiesFalse -----

Class Graph ER_n32768_d20_original_semanticsFalse_bs4096_pr_primeTrue_copiesFalse

Allocs, Reads, Read/Rem, Writes
Pre build stats (0, 0, 0, 0)
Post build stats (52994477, 43589373, 43589373, 38384943)
High level operations: AddressQueue (37153991, 29320367, 29320367, 22741025)
High level operations: SmartAVLTree (1067152, 1001616, 1001616, 1067152)
High level operations: SmartPointerOriginal (13758278, 12448902, 12448902, 13758278)
High level operations: SmartQueue (1015056, 818488, 818488, 818488)

Max write batches: 2646633

--------------------------------------------------------------
Benchmarking Graph ER_n32768_d20_original_semanticsFalse_bs4096_pr_primeTrue_copiesFalse
Running pagerank for 50 trial(s)

Access stats: ogV accesses, out tree accesses, avg ogV degree, avg out tree degree, avg ogV depth
(2215, 2215, 23, 2, 155.8762979683973)

Post algorithm pagerank stats (53476065, 44049978, 44049978, 38734503)
High level operations: AddressQueue (37497248, 29644856, 29644856, 22954469)
High level operations: SmartAVLTree (1071240, 1005704, 1005704, 1071240)
High level operations: SmartPointerOriginal (13888091, 12578715, 12578715, 13888091)
High level operations: SmartQueue (1019486, 820703, 820703, 820703)

Max write batches: 9

----- Finished test: ER_n32768_d20_original_semanticsFalse_bs4096_pr_primeTrue_copiesFalse -----

