----- Running test: ER_n4096_d20_original_semanticsFalse_bs4096_cd_primeTrue_copiesFalse -----

Class Graph ER_n4096_d20_original_semanticsFalse_bs4096_cd_primeTrue_copiesFalse

Allocs, Reads, Read/Rem, Writes
Pre build stats (0, 0, 0, 0)
Post build stats (6599294, 5424288, 5424288, 4772419)
High level operations: AddressQueue (4645711, 3667151, 3667151, 2843382)
High level operations: SmartAVLTree (106258, 98066, 98066, 106258)
High level operations: SmartPointerOriginal (1720475, 1556767, 1556767, 1720475)
High level operations: SmartQueue (126850, 102304, 102304, 102304)

Max write batches: 330888

--------------------------------------------------------------
Benchmarking Graph ER_n4096_d20_original_semanticsFalse_bs4096_cd_primeTrue_copiesFalse
Running contact discovery for 50 trial(s)

Access stats: ogV accesses, out tree accesses, avg ogV degree, avg out tree degree, avg ogV depth
(100, 2074, 22, 2, 186.66)

Post algorithm contact discovery stats (6659774, 5484629, 5484629, 4818281)
High level operations: AddressQueue (4687191, 3708592, 3708592, 2870344)
High level operations: SmartAVLTree (108566, 100374, 100374, 108566)
High level operations: SmartPointerOriginal (1734993, 1571285, 1571285, 1734993)
High level operations: SmartQueue (129024, 104378, 104378, 104378)

Max write batches: 36

----- Finished test: ER_n4096_d20_original_semanticsFalse_bs4096_cd_primeTrue_copiesFalse -----

